-------------fold:0 training-------------
Epoch 1 Step 1700 - avg_train_loss: 0.7118  avg_val_loss: 0.7028
Epoch 1 Step 1700 - Score: 0.7028
Epoch 1 Step 1700 - Save Best Score: 0.7028 Model
Epoch 1 Step 3400 - avg_train_loss: 0.6598  avg_val_loss: 0.6845
Epoch 1 Step 3400 - Score: 0.6845
Epoch 1 Step 3400 - Save Best Score: 0.6845 Model
Epoch 1 - avg_train_loss: 0.6596  avg_val_loss: 0.6845  time: 1958s
Epoch 1 - Score: 0.6845
Epoch 2 Step 1700 - avg_train_loss: 0.4833  avg_val_loss: 0.6789
Epoch 2 Step 1700 - Score: 0.6789
Epoch 2 Step 1700 - Save Best Score: 0.6789 Model
Epoch 2 Step 3400 - avg_train_loss: 0.4738  avg_val_loss: 0.7040
Epoch 2 Step 3400 - Score: 0.7040
Epoch 2 - avg_train_loss: 0.4732  avg_val_loss: 0.7040  time: 1952s
Epoch 2 - Score: 0.7040
========== fold: 0 result ==========
Score: 0.6789
-------------fold:1 training-------------
Epoch 1 Step 1700 - avg_train_loss: 0.7029  avg_val_loss: 0.7227
Epoch 1 Step 1700 - Score: 0.7227
Epoch 1 Step 1700 - Save Best Score: 0.7227 Model
Epoch 1 Step 3400 - avg_train_loss: 0.6549  avg_val_loss: 0.7337
Epoch 1 Step 3400 - Score: 0.7337
Epoch 1 - avg_train_loss: 0.6545  avg_val_loss: 0.7337  time: 1948s
Epoch 1 - Score: 0.7337
Epoch 2 Step 1700 - avg_train_loss: 0.4810  avg_val_loss: 0.7145
Epoch 2 Step 1700 - Score: 0.7145
Epoch 2 Step 1700 - Save Best Score: 0.7145 Model
Epoch 2 Step 3400 - avg_train_loss: 0.4680  avg_val_loss: 0.7323
Epoch 2 Step 3400 - Score: 0.7323
Epoch 2 - avg_train_loss: 0.4679  avg_val_loss: 0.7323  time: 1950s
Epoch 2 - Score: 0.7323
========== fold: 1 result ==========
Score: 0.7145
-------------fold:2 training-------------
Epoch 1 Step 1700 - avg_train_loss: 0.7219  avg_val_loss: 0.6837
Epoch 1 Step 1700 - Score: 0.6837
Epoch 1 Step 1700 - Save Best Score: 0.6837 Model
Epoch 1 Step 3400 - avg_train_loss: 0.6691  avg_val_loss: 0.6593
Epoch 1 Step 3400 - Score: 0.6593
Epoch 1 Step 3400 - Save Best Score: 0.6593 Model
Epoch 1 - avg_train_loss: 0.6679  avg_val_loss: 0.6593  time: 1952s
Epoch 1 - Score: 0.6593
Epoch 2 Step 1700 - avg_train_loss: 0.4930  avg_val_loss: 0.6729
Epoch 2 Step 1700 - Score: 0.6729
Epoch 2 Step 3400 - avg_train_loss: 0.4901  avg_val_loss: 0.6490
Epoch 2 Step 3400 - Score: 0.6490
Epoch 2 Step 3400 - Save Best Score: 0.6490 Model
Epoch 2 - avg_train_loss: 0.4897  avg_val_loss: 0.6490  time: 1953s
Epoch 2 - Score: 0.6490
========== fold: 2 result ==========
Score: 0.6490
-------------fold:3 training-------------
Epoch 1 Step 1700 - avg_train_loss: 0.7323  avg_val_loss: 0.6934
Epoch 1 Step 1700 - Score: 0.6934
Epoch 1 Step 1700 - Save Best Score: 0.6934 Model
Epoch 1 Step 3400 - avg_train_loss: 0.6836  avg_val_loss: 0.6522
Epoch 1 Step 3400 - Score: 0.6522
Epoch 1 Step 3400 - Save Best Score: 0.6522 Model
Epoch 1 - avg_train_loss: 0.6823  avg_val_loss: 0.6522  time: 1954s
Epoch 1 - Score: 0.6522
Epoch 2 Step 1700 - avg_train_loss: 0.5126  avg_val_loss: 0.6613
Epoch 2 Step 1700 - Score: 0.6613
Epoch 2 Step 3400 - avg_train_loss: 0.5050  avg_val_loss: 0.6519
Epoch 2 Step 3400 - Score: 0.6519
Epoch 2 Step 3400 - Save Best Score: 0.6519 Model
Epoch 2 - avg_train_loss: 0.5048  avg_val_loss: 0.6519  time: 1953s
Epoch 2 - Score: 0.6519
========== fold: 3 result ==========
Score: 0.6519
========== CV ==========
Score: 0.6736
